<?xml version="1.0" encoding="UTF-8"?>
<!-- Generated by org.testng.reporters.JUnitReportReporter -->
<testsuite skipped="0" hostname="in-suhailma-1" name="com.qa.maven.maven" tests="1" failures="0" timestamp="28 Mar 2018 13:51:01 GMT" time="0.009" errors="0">
  <testcase name="test" time="0.009" classname="com.qa.maven.maven"/>
</testsuite> <!-- com.qa.maven.maven -->
