<?xml version="1.0" encoding="UTF-8"?>
<!-- Generated by org.testng.reporters.JUnitReportReporter -->
<testsuite skipped="0" hostname="in-suhailma-1" name="com.qa.maven.maven" tests="1" failures="0" timestamp="28 Mar 2018 13:59:06 GMT" time="0.007" errors="0">
  <testcase name="test" time="0.007" classname="com.qa.maven.maven"/>
</testsuite> <!-- com.qa.maven.maven -->
